INFO: [VRFC 10-2263] Analyzing SystemVerilog file "C:/Documents/Sophomore2/Digital_logic_and_digital_system/DLDS/docs/Experiments/Lab4/vend_machine/vend_machine.srcs/sources_1/ip/bin2bcd_0/bin2bcd.sv" into library xil_defaultlib
INFO: [VRFC 10-311] analyzing module bin2bcd
INFO: [VRFC 10-2263] Analyzing SystemVerilog file "C:/Documents/Sophomore2/Digital_logic_and_digital_system/DLDS/docs/Experiments/Lab4/vend_machine/vend_machine.srcs/sources_1/ip/bin2bcd_0/sim/bin2bcd_0.sv" into library xil_defaultlib
INFO: [VRFC 10-311] analyzing module bin2bcd_0
INFO: [VRFC 10-2263] Analyzing SystemVerilog file "C:/Documents/Sophomore2/Digital_logic_and_digital_system/DLDS/docs/Experiments/Lab4/vend_machine/vend_machine.srcs/sources_1/new/FourLights.sv" into library xil_defaultlib
INFO: [VRFC 10-311] analyzing module FourLights
INFO: [VRFC 10-2263] Analyzing SystemVerilog file "C:/Documents/Sophomore2/Digital_logic_and_digital_system/DLDS/docs/Experiments/Lab4/vend_machine/vend_machine.srcs/sources_1/new/an_ctrl.sv" into library xil_defaultlib
INFO: [VRFC 10-311] analyzing module an_ctrl
INFO: [VRFC 10-2263] Analyzing SystemVerilog file "C:/Documents/Sophomore2/Digital_logic_and_digital_system/DLDS/docs/Experiments/Lab4/vend_machine/vend_machine.srcs/sources_1/new/clken.sv" into library xil_defaultlib
INFO: [VRFC 10-311] analyzing module clken
INFO: [VRFC 10-2263] Analyzing SystemVerilog file "C:/Documents/Sophomore2/Digital_logic_and_digital_system/DLDS/docs/Experiments/Lab4/vend_machine/vend_machine.srcs/sources_1/new/edge_det.sv" into library xil_defaultlib
INFO: [VRFC 10-311] analyzing module edge_det
INFO: [VRFC 10-2263] Analyzing SystemVerilog file "C:/Documents/Sophomore2/Digital_logic_and_digital_system/DLDS/docs/Experiments/Lab4/vend_machine/vend_machine.srcs/sources_1/new/sec_clk.sv" into library xil_defaultlib
INFO: [VRFC 10-311] analyzing module sec_clk
INFO: [VRFC 10-2263] Analyzing SystemVerilog file "C:/Documents/Sophomore2/Digital_logic_and_digital_system/DLDS/docs/Experiments/Lab4/vend_machine/vend_machine.srcs/sources_1/new/vend.sv" into library xil_defaultlib
INFO: [VRFC 10-311] analyzing module vend
INFO: [VRFC 10-2263] Analyzing SystemVerilog file "C:/Documents/Sophomore2/Digital_logic_and_digital_system/DLDS/docs/Experiments/Lab4/vend_machine/vend_machine.srcs/sources_1/new/vend_fsm.sv" into library xil_defaultlib
INFO: [VRFC 10-311] analyzing module vend_fsm
INFO: [VRFC 10-2263] Analyzing SystemVerilog file "C:/Documents/Sophomore2/Digital_logic_and_digital_system/DLDS/docs/Experiments/Lab4/vend_machine/vend_machine.srcs/sources_1/new/x7seg_d.sv" into library xil_defaultlib
INFO: [VRFC 10-311] analyzing module x7seg_d
INFO: [VRFC 10-2263] Analyzing SystemVerilog file "C:/Documents/Sophomore2/Digital_logic_and_digital_system/DLDS/docs/Experiments/Lab4/vend_machine/vend_machine.srcs/sim_1/new/vend_tb.sv" into library xil_defaultlib
INFO: [VRFC 10-311] analyzing module vend_tb
